Logger: 2024/06/26 14:57:54 Received POST request for /orders
Logger: 2024/06/26 14:58:03 Received POST request for /login
Logger: 2024/06/26 14:58:15 Received POST request for /orders
Logger: 2024/06/26 15:01:53 Received POST request for /orders
Logger: 2024/06/26 15:02:11 Received GET request for /users/6/carts
Logger: 2024/06/26 15:16:57 Received POST request for /orders
Logger: 2024/06/26 15:17:56 Received POST request for /orders
Logger: 2024/06/26 15:26:04 Received POST request for /orders
Logger: 2024/06/26 15:26:52 Received POST request for /orders
Logger: 2024/06/26 15:27:20 Received POST request for /orders
Logger: 2024/06/26 15:27:35 Received POST request for /cart_items
Logger: 2024/06/26 15:28:05 Received POST request for /cart_items
Logger: 2024/06/26 15:28:15 Received POST request for /orders
Logger: 2024/06/26 15:29:20 Received POST request for /orders
Logger: 2024/06/26 15:29:39 Received POST request for /orders
Logger: 2024/06/26 15:30:03 Received POST request for /orders
Logger: 2024/06/26 15:30:08 Received POST request for /orders
Logger: 2024/06/26 15:30:09 Received POST request for /orders
Logger: 2024/06/26 15:31:25 Received POST request for /orders
Logger: 2024/06/26 15:32:21 Received POST request for /orders
Logger: 2024/06/26 15:38:44 Received POST request for /orders
Logger: 2024/06/26 15:39:36 Received POST request for /orders
Logger: 2024/06/26 15:51:50 Received POST request for /cart_items
Logger: 2024/06/26 16:02:25 Received POST request for /cart_items
Logger: 2024/06/26 16:02:38 Received POST request for /login
Logger: 2024/06/26 16:02:52 Received POST request for /cart_items
Logger: 2024/06/26 16:04:01 Received POST request for /cart_items
Logger: 2024/06/26 16:04:30 Received POST request for /cart_items
Logger: 2024/06/26 16:04:53 Received POST request for /cart_items
Logger: 2024/06/26 16:05:42 Received POST request for /cart_items
Logger: 2024/06/26 16:05:56 Received POST request for /cart_items
Logger: 2024/06/26 16:06:22 Received POST request for /cart_items
Logger: 2024/06/26 16:09:01 Received POST request for /cart_items
Logger: 2024/06/26 16:10:21 Received POST request for /cart_items
Logger: 2024/06/26 16:15:55 Received POST request for /cart_items
Logger: 2024/06/26 16:16:35 Received POST request for /cart_items
Logger: 2024/06/26 16:17:35 Received POST request for /cart_items
Logger: 2024/06/26 16:17:55 Received POST request for /cart_items
Logger: 2024/06/26 16:18:46 Received POST request for /foods
Logger: 2024/06/26 16:18:54 Received POST request for /cart_items
Logger: 2024/06/26 16:19:50 Received POST request for /cart_items
Logger: 2024/06/26 16:24:18 Received POST request for /cart_items
Logger: 2024/06/26 16:25:59 Received POST request for /cart_items
Logger: 2024/06/26 16:35:11 Received POST request for /cart_items
Logger: 2024/06/26 16:37:23 Received GET request for /users/6/carts
Logger: 2024/06/26 16:37:41 Received POST request for /orders
Logger: 2024/06/26 17:04:02 Received POST request for /orders
Logger: 2024/06/26 17:04:09 Received POST request for /login
Logger: 2024/06/26 17:04:25 Received POST request for /orders
Logger: 2024/06/26 17:05:30 Received POST request for /orders
Logger: 2024/06/26 17:06:23 Received POST request for /orders
Logger: 2024/06/26 17:06:50 Received POST request for /orders
Logger: 2024/06/26 17:26:58 Received POST request for /orders
Logger: 2024/06/26 17:55:39 Received POST request for /orders
Logger: 2024/06/26 17:57:27 Received POST request for /orders
Logger: 2024/06/26 18:00:41 Received POST request for /orders
Logger: 2024/06/26 18:04:01 Received POST request for /orders
Logger: 2024/06/26 18:08:45 Received POST request for /orders
Logger: 2024/06/26 18:08:50 Received POST request for /login
Logger: 2024/06/26 18:09:06 Received POST request for /orders
Logger: 2024/06/26 18:10:16 Received POST request for /orders
Logger: 2024/06/26 18:13:08 Received POST request for /orders
Logger: 2024/06/26 18:20:15 Received POST request for /orders
Logger: 2024/06/26 18:21:23 Received POST request for /orders
Logger: 2024/06/26 18:43:29 Received POST request for /orders
Logger: 2024/06/26 18:46:20 Received POST request for /orders
Logger: 2024/06/26 18:48:09 Received POST request for /orders
Logger: 2024/06/26 18:48:34 Received POST request for /orders
Logger: 2024/06/26 18:50:46 Received POST request for /orders
Logger: 2024/06/26 18:51:29 Received POST request for /orders
Logger: 2024/06/26 18:58:18 Received POST request for /cart_items
Logger: 2024/06/26 19:00:14 Received POST request for /cart_items
Logger: 2024/06/26 19:00:54 Received POST request for /cart_items
Logger: 2024/06/26 19:01:15 Received POST request for /cart_items
Logger: 2024/06/26 19:04:20 Received POST request for /cart_items
Logger: 2024/06/26 19:04:30 Received POST request for /cart_items
Logger: 2024/06/26 19:04:37 Received GET request for /users/6/carts
Logger: 2024/06/26 19:05:14 Received GET request for /users/6/carts
Logger: 2024/06/26 19:06:06 Received GET request for /users/6/carts
Logger: 2024/06/26 19:06:40 Received GET request for /users/6/carts
Logger: 2024/06/26 19:12:42 Received GET request for /users/6/carts
Logger: 2024/06/26 19:12:47 Received POST request for /login
Logger: 2024/06/26 19:12:59 Received GET request for /users/6/carts
Logger: 2024/06/26 19:13:38 Received GET request for /users/6/carts
Logger: 2024/06/26 19:14:19 Received GET request for /users/6/carts
Logger: 2024/06/26 19:15:04 Received POST request for /orders
Logger: 2024/06/26 19:18:37 Received POST request for /orders
Logger: 2024/06/26 19:20:57 Received POST request for /orders
Logger: 2024/06/26 19:22:08 Received POST request for /orders
Logger: 2024/06/26 19:23:20 Received POST request for /orders
Logger: 2024/06/26 19:24:41 Received POST request for /orders
Logger: 2024/06/26 19:28:36 Received GET request for /search/foods?name=kabab
Logger: 2024/06/26 19:28:43 Received GET request for /search/restaurants?name=re
Logger: 2024/06/26 19:33:39 Received POST request for /cart_items
Logger: 2024/06/26 19:33:43 Received POST request for /orders
Logger: 2024/06/26 19:34:17 Received POST request for /cart_items
Logger: 2024/06/26 19:34:21 Received POST request for /orders
Logger: 2024/06/26 19:35:43 Received POST request for /cart_items
Logger: 2024/06/26 19:35:51 Received POST request for /orders
Logger: 2024/06/27 19:20:23 Received POST request for /login
Logger: 2024/06/27 19:21:06 Received PUT request for /orders/25/cancel
Logger: 2024/06/27 19:22:01 Received PUT request for /orders/25/cancel
Logger: 2024/06/27 19:24:29 Received PUT request for /orders/25/cancel
Logger: 2024/06/27 19:24:58 Received PUT request for /orders/25/cancel
Logger: 2024/06/27 19:25:16 Received PUT request for /orders/25/cancel
Logger: 2024/06/27 19:26:01 Received PUT request for /orders/25/cancel
Logger: 2024/06/27 19:26:56 Received PUT request for /orders/25/cancel
Logger: 2024/06/27 19:28:27 Received PUT request for /orders/25/cancel
Logger: 2024/06/27 19:28:41 Received PUT request for /orders/25/cancel
Logger: 2024/06/27 19:30:08 Received PUT request for /orders/25/cancel
Logger: 2024/06/27 19:31:12 Received PUT request for /orders/25/cancel
Logger: 2024/06/27 19:31:59 Received PUT request for /orders/25/cancel
Logger: 2024/06/27 19:32:35 Received PUT request for /orders/25/cancel
Logger: 2024/06/27 19:38:01 Received PUT request for /orders/25/cancel
Logger: 2024/06/27 19:38:33 Received PUT request for /orders/25/cancel
Logger: 2024/06/27 19:38:59 Received PUT request for /orders/25/cancel
Logger: 2024/06/27 19:39:36 Received PUT request for /orders/25/cancel
Logger: 2024/06/27 19:39:38 Received PUT request for /orders/25/cancel
Logger: 2024/06/27 19:39:39 Received PUT request for /orders/25/cancel
Logger: 2024/06/27 19:40:13 Received PUT request for /orders/25/cancel
Logger: 2024/06/27 19:42:15 Received PUT request for /orders/25/cancel
Logger: 2024/06/27 19:43:21 Received PUT request for /orders/25/cancel
Logger: 2024/06/27 19:43:44 Received PUT request for /orders/25/cancel
Logger: 2024/06/27 19:44:22 Received PUT request for /orders/25/cancel
Logger: 2024/06/27 19:45:23 Received PUT request for /orders/25/cancel
Logger: 2024/06/27 19:46:53 Received PUT request for /orders/25/cancel
Logger: 2024/06/27 19:47:00 Received PUT request for /orders/25/cancel
Logger: 2024/06/27 19:47:45 Received PUT request for /orders/25/cancel
Logger: 2024/06/27 19:49:42 Received PUT request for /orders/25/cancel
Logger: 2024/06/27 19:49:52 Received PUT request for /orders/24/cancel
Logger: 2024/06/27 19:50:40 Received PUT request for /orders/24/cancel
Logger: 2024/06/27 19:51:04 Received PUT request for /orders/24/cancel
Logger: 2024/06/27 19:53:41 Received PUT request for /orders/24/cancel
Logger: 2024/06/27 19:54:42 Received PUT request for /orders/24/cancel
Logger: 2024/06/27 19:55:39 Received PUT request for /orders/24/cancel
Logger: 2024/06/27 19:55:43 Received PUT request for /orders/23/cancel
Logger: 2024/06/27 19:55:46 Received PUT request for /orders/23/cancel
